<?xml version="1.0" encoding="UTF-8"?>
<!-- Generated by org.testng.reporters.JUnitReportReporter -->
<testsuite skipped="0" hostname="CDC2-D-CHWLXJ2" name="demo.GoogleDemo" tests="1" failures="0" timestamp="12 Nov 2019 06:52:55 GMT" time="29.702" errors="0">
  <testcase name="f" time="29.702" classname="demo.GoogleDemo"/>
</testsuite> <!-- demo.GoogleDemo -->
